<?xml version="1.0" encoding="UTF-8"?>
<testng-results skipped="0" failed="0" ignored="0" total="2" passed="2">
  <reporter-output>
  </reporter-output>
  <suite name="Default suite" duration-ms="13257" started-at="2019-03-12T03:15:25Z" finished-at="2019-03-12T03:15:38Z">
    <groups>
    </groups>
    <test name="Default test" duration-ms="13257" started-at="2019-03-12T03:15:25Z" finished-at="2019-03-12T03:15:38Z">
      <class name="test.TeamPlanningPageTest">
        <test-method status="PASS" signature="setUp()[pri:0, instance:test.TeamPlanningPageTest@534df152]" name="setUp" is-config="true" duration-ms="8249" started-at="2019-03-12T03:15:25Z" finished-at="2019-03-12T03:15:33Z">
          <reporter-output>
          </reporter-output>
        </test-method> <!-- setUp -->
        <test-method status="PASS" signature="clickMenubutton()[pri:1, instance:test.TeamPlanningPageTest@534df152]" name="clickMenubutton" duration-ms="2127" started-at="2019-03-12T03:15:33Z" finished-at="2019-03-12T03:15:35Z">
          <reporter-output>
          </reporter-output>
        </test-method> <!-- clickMenubutton -->
        <test-method status="PASS" signature="isTeamplanningButtonclicked()[pri:2, instance:test.TeamPlanningPageTest@534df152]" name="isTeamplanningButtonclicked" duration-ms="328" started-at="2019-03-12T03:15:36Z" finished-at="2019-03-12T03:15:36Z">
          <reporter-output>
          </reporter-output>
        </test-method> <!-- isTeamplanningButtonclicked -->
        <test-method status="PASS" signature="shutDownPage()[pri:0, instance:test.TeamPlanningPageTest@534df152]" name="shutDownPage" is-config="true" duration-ms="2320" started-at="2019-03-12T03:15:36Z" finished-at="2019-03-12T03:15:38Z">
          <reporter-output>
          </reporter-output>
        </test-method> <!-- shutDownPage -->
      </class> <!-- test.TeamPlanningPageTest -->
    </test> <!-- Default test -->
  </suite> <!-- Default suite -->
</testng-results>
